<?xml version="1.0" encoding="UTF-8"?>
<!-- Generated by org.testng.reporters.JUnitReportReporter -->
<testsuite hostname="LAPTOP-J85G9M88" failures="0" tests="1" name="com.rameshsoft.automation.appln.businessscripts.InstTest" time="6.051" errors="0" timestamp="2024-12-05T17:29:16 IST" skipped="0">
  <testcase classname="com.rameshsoft.automation.appln.businessscripts.InstTest" name="instTest" time="6.051"/>
</testsuite> <!-- com.rameshsoft.automation.appln.businessscripts.InstTest -->
